<?xml version="1.0" encoding="UTF-8"?>
<testng-results total="1" passed="1" failed="0" skipped="0">
  <reporter-output>
    <line>
      <![CDATA[Entering into the test execution]]>
    </line>
    <line>
      <![CDATA[The number of Delivery Pride requests is: 73]]>
    </line>
  </reporter-output>
  <suite started-at="2018-04-04T07:30:45Z" name="Default suite" finished-at="2018-04-04T07:32:56Z" duration-ms="130929">
    <groups>
    </groups>
    <test started-at="2018-04-04T07:30:45Z" name="Default test" finished-at="2018-04-04T07:32:56Z" duration-ms="130929">
      <class name="innovationsPortal.TestInnovation">
        <test-method is-config="true" signature="setUp()[pri:0, instance:innovationsPortal.TestInnovation@41c2284a]" started-at="2018-04-04T13:00:45Z" name="setUp" finished-at="2018-04-04T13:02:47Z" duration-ms="121507" status="PASS">
          <reporter-output>
            <line>
              <![CDATA[Entering into the test execution]]>
            </line>
          </reporter-output>
        </test-method> <!-- setUp -->
        <test-method signature="testDesignerApproval()[pri:0, instance:innovationsPortal.TestInnovation@41c2284a]" started-at="2018-04-04T13:02:47Z" name="testDesignerApproval" finished-at="2018-04-04T13:02:56Z" duration-ms="9392" status="PASS">
          <reporter-output>
            <line>
              <![CDATA[The number of Delivery Pride requests is: 73]]>
            </line>
          </reporter-output>
        </test-method> <!-- testDesignerApproval -->
      </class> <!-- innovationsPortal.TestInnovation -->
    </test> <!-- Default test -->
  </suite> <!-- Default suite -->
</testng-results>
